<?xml version="1.0" encoding="UTF-8"?>
<testng-results skipped="0" failed="0" ignored="0" total="1" passed="1">
  <reporter-output>
  </reporter-output>
  <suite name="Suite" duration-ms="5411" started-at="2020-07-09T14:21:04Z" finished-at="2020-07-09T14:21:10Z">
    <groups>
    </groups>
    <test name="Test" duration-ms="5411" started-at="2020-07-09T14:21:04Z" finished-at="2020-07-09T14:21:10Z">
      <class name="pac.GetTitle">
        <test-method status="PASS" signature="getTitle()[pri:0, instance:pac.GetTitle@cb5822]" name="getTitle" duration-ms="5376" started-at="2020-07-09T14:21:04Z" finished-at="2020-07-09T14:21:10Z">
          <reporter-output>
          </reporter-output>
        </test-method> <!-- getTitle -->
      </class> <!-- pac.GetTitle -->
    </test> <!-- Test -->
  </suite> <!-- Suite -->
</testng-results>
